<?xml version="1.0" encoding="UTF-8"?>
<!-- Generated by org.testng.reporters.JUnitXMLReporter -->
<testsuite hostname="DESKTOP-9UQGMJ6" ignored="0" name="TimeTest" tests="1" failures="1" timestamp="18 Jan 2018 19:39:01 GMT" time="0.081" errors="0">
  <testcase name="VerifyWebpage" time="0.054" classname="Time.TimeTests.TimeTest">
    <failure type="java.lang.NullPointerException">
      <![CDATA[java.lang.NullPointerException
	at Time.TimeTests.TimeTest.VerifyWebpage(TimeTest.java:42)
... Removed 25 stack frames]]>
    </failure>
  </testcase> <!-- VerifyWebpage -->
</testsuite> <!-- TimeTest -->
